<?xml version="1.0" encoding="UTF-8"?>
<!-- Generated by org.testng.reporters.JUnitReportReporter -->
<testsuite hostname="DESKTOP-5G78EO0" failures="0" tests="3" name="testRunner.RunnerTest" time="68.076" errors="0" timestamp="2022-07-27T08:48:31 IST" skipped="0">
  <testcase classname="testRunner.RunnerTest" name="runScenario" time="23.953"/>
  <system-out/>
  <testcase classname="testRunner.RunnerTest" name="runScenario" time="19.142"/>
  <system-out/>
  <testcase classname="testRunner.RunnerTest" name="runScenario" time="24.981"/>
  <system-out/>
</testsuite> <!-- testRunner.RunnerTest -->
